sphere : ./sphere/icosphere_6.vtk
data_dir : ./dataset
data_norm : False
preload : device
in_ch : ['curv', 'sulc', 'iH']
hemi : ['lh']
n_splits : 5
fold : 1
classes : [0, 1, 2, 3, 4, 5, 6, 7, 8]
seed : 0
aug : 0
epochs : 20
batch_size : 1
learning_rate : 0.01
no_decay : False
loss : ce
log_dir : ./logs/250314/fold1
ckpt_dir : ./logs/250314
resume : None
depth : 3
channel : 128
bandwidth : 80
interval : 5
gpu : 0
no_cuda : False
threads : 1
cuda : True
num_params : 4258578
fold_data : ['106521.lh', '100610.lh', '151829.lh', '107321.lh', '110613.lh', '380036.lh', '105115.lh', '107220.lh', '644044.lh', '120111.lh', '108828.lh', '107725.lh', '105216.lh', '101006.lh', '168240.lh', '105014.lh', '102008.lh', '585256.lh', '128127.lh', '108525.lh', '103818.lh', '110007.lh', '101309.lh', '146937.lh', '214019.lh', '104820.lh', '101915.lh', '108222.lh', '103111.lh', '365343.lh', '268749.lh', '109325.lh', '105620.lh', '522434.lh', '109830.lh', '164939.lh', '531536.lh', '622236.lh', '108323.lh', '101107.lh', '176744.lh', '151425.lh']
Epoch     Loss           Accuracy       Dice None      Dice POS       Dice prculs    Dice prcus1    Dice prcus2    Dice prcus3    Dice MCGS      Dice sbps      Dice 2         Average Dice  
1         1.850313       0.726043       0.834856       0.129633       0.034583       0.000762       0.017308       0.009622       0.117667       0.149352       0.001928       0.057607      
2         1.108616       0.933896       0.974118       0.463954       0.025588       0.023319       0.113951       0.050663       0.356850       0.440868       0.005762       0.185119      
3         0.645030       0.971333       0.990699       0.673598       0.316776       0.223292       0.429311       0.265648       0.656328       0.659203       0.062774       0.410866      
4         0.410284       0.980012       0.993503       0.755974       0.523514       0.455485       0.487227       0.472100       0.790253       0.738928       0.372298       0.574472      
5         0.284231       0.983026       0.994747       0.779402       0.575117       0.469169       0.485569       0.530990       0.828533       0.767726       0.531536       0.621005      
6         0.216087       0.983822       0.994976       0.788012       0.583124       0.456905       0.481130       0.551934       0.832264       0.785643       0.553531       0.629068      
7         0.166671       0.985784       0.995542       0.817554       0.660250       0.505729       0.519599       0.621307       0.849654       0.808329       0.562759       0.668148      
8         0.137463       0.986710       0.995806       0.811858       0.663895       0.563681       0.539267       0.631122       0.868941       0.814771       0.614087       0.688453      
9         0.111900       0.988396       0.996396       0.850233       0.709972       0.568123       0.572367       0.659879       0.892173       0.833012       0.609687       0.711931      
10        0.092066       0.990107       0.996885       0.867889       0.750982       0.655647       0.641177       0.678142       0.912411       0.847560       0.714122       0.758491      
11        0.074679       0.992517       0.997472       0.912170       0.828450       0.702449       0.738664       0.790457       0.927698       0.877074       0.756125       0.816636      
12        0.062891       0.993747       0.997788       0.920002       0.845291       0.730448       0.784634       0.844670       0.944557       0.900648       0.768035       0.842286      
13        0.054076       0.995681       0.998237       0.948971       0.906492       0.851427       0.879037       0.916589       0.955823       0.934252       0.828445       0.902629      
14        0.050816       0.996465       0.998501       0.958566       0.929337       0.883466       0.904193       0.921983       0.965367       0.945121       0.873701       0.922717      
15        0.049535       0.996738       0.998567       0.961364       0.939802       0.898980       0.916912       0.933154       0.968080       0.948557       0.883231       0.931260      
16        0.049352       0.996789       0.998589       0.961989       0.940347       0.899085       0.919101       0.934531       0.968384       0.949926       0.883188       0.932069      
17        0.049225       0.996819       0.998596       0.962424       0.941856       0.900654       0.920793       0.935248       0.968519       0.950724       0.883268       0.932936      
18        0.049209       0.996821       0.998596       0.962367       0.941856       0.900894       0.920914       0.935358       0.968556       0.950739       0.883516       0.933025      
19        0.049196       0.996823       0.998598       0.962444       0.941756       0.901028       0.920954       0.935487       0.968576       0.950805       0.883570       0.933078      
20        0.049194       0.996823       0.998598       0.962444       0.941756       0.900949       0.920954       0.935487       0.968554       0.950767       0.883780       0.933087      
sphere : ./sphere/icosphere_6.vtk
data_dir : ./dataset
data_norm : False
preload : device
in_ch : ['curv', 'sulc', 'iH']
hemi : ['lh']
n_splits : 5
fold : 1
classes : [0, 1, 2, 3, 4, 5, 6, 7, 8]
seed : 0
aug : 0
epochs : 20
batch_size : 1
learning_rate : 0.01
no_decay : False
loss : ce
log_dir : ./logs/250314/fold1
ckpt_dir : ./logs/250314
resume : None
depth : 3
channel : 128
bandwidth : 80
interval : 5
gpu : 0
no_cuda : False
threads : 1
cuda : True
num_params : 4258578
fold_data : ['106521.lh', '100610.lh', '151829.lh', '107321.lh', '110613.lh', '380036.lh', '105115.lh', '107220.lh', '644044.lh', '120111.lh', '108828.lh', '107725.lh', '105216.lh', '101006.lh', '168240.lh', '105014.lh', '102008.lh', '585256.lh', '128127.lh', '108525.lh', '103818.lh', '110007.lh', '101309.lh', '146937.lh', '214019.lh', '104820.lh', '101915.lh', '108222.lh', '103111.lh', '365343.lh', '268749.lh', '109325.lh', '105620.lh', '522434.lh', '109830.lh', '164939.lh', '531536.lh', '622236.lh', '108323.lh', '101107.lh', '176744.lh', '151425.lh']
Epoch     Loss           Accuracy       Dice None      Dice POS       Dice prculs    Dice prcus1    Dice prcus2    Dice prcus3    Dice MCGS      Dice sbps      Dice 2         Average Dice  
1         1.850334       0.725934       0.834799       0.129671       0.034480       0.000763       0.016690       0.009403       0.117748       0.148804       0.002091       0.057456      
sphere : ./sphere/icosphere_6.vtk
data_dir : ./dataset
data_norm : False
preload : device
in_ch : ['curv', 'sulc', 'iH']
hemi : ['lh']
n_splits : 5
fold : 1
classes : [0, 1, 2, 3, 4, 5, 6, 7, 8]
seed : 0
aug : 0
epochs : 20
batch_size : 1
learning_rate : 0.01
no_decay : False
loss : ce
log_dir : ./logs/250314/fold1
ckpt_dir : ./logs/250314
resume : None
depth : 3
channel : 128
bandwidth : 80
interval : 5
gpu : 0
no_cuda : False
threads : 1
cuda : True
num_params : 4258578
fold_data : ['106521.lh', '100610.lh', '151829.lh', '107321.lh', '110613.lh', '380036.lh', '105115.lh', '107220.lh', '644044.lh', '120111.lh', '108828.lh', '107725.lh', '105216.lh', '101006.lh', '168240.lh', '105014.lh', '102008.lh', '585256.lh', '128127.lh', '108525.lh', '103818.lh', '110007.lh', '101309.lh', '146937.lh', '214019.lh', '104820.lh', '101915.lh', '108222.lh', '103111.lh', '365343.lh', '268749.lh', '109325.lh', '105620.lh', '522434.lh', '109830.lh', '164939.lh', '531536.lh', '622236.lh', '108323.lh', '101107.lh', '176744.lh', '151425.lh']
Epoch     Loss           Accuracy       Dice None      Dice POS       Dice prculs    Dice prcus1    Dice prcus2    Dice prcus3    Dice MCGS      Dice sbps      Dice 2         Average Dice  
1         1.850331       0.725945       0.834803       0.129683       0.034554       0.000762       0.016338       0.009397       0.117736       0.148834       0.002091       0.057425      
sphere : ./sphere/icosphere_6.vtk
data_dir : ./dataset
data_norm : False
preload : device
in_ch : ['curv', 'sulc', 'iH']
hemi : ['lh']
n_splits : 5
fold : 1
classes : [0, 1, 2, 3, 4, 5, 6, 7, 8]
seed : 0
aug : 0
epochs : 20
batch_size : 1
learning_rate : 0.01
no_decay : False
loss : ce
log_dir : ./logs/250314/fold1
ckpt_dir : ./logs/250314
resume : None
depth : 3
channel : 128
bandwidth : 80
interval : 5
gpu : 0
no_cuda : False
threads : 1
cuda : True
num_params : 4258578
fold_data : ['106521.lh', '100610.lh', '151829.lh', '107321.lh', '110613.lh', '380036.lh', '105115.lh', '107220.lh', '644044.lh', '120111.lh', '108828.lh', '107725.lh', '105216.lh', '101006.lh', '168240.lh', '105014.lh', '102008.lh', '585256.lh', '128127.lh', '108525.lh', '103818.lh', '110007.lh', '101309.lh', '146937.lh', '214019.lh', '104820.lh', '101915.lh', '108222.lh', '103111.lh', '365343.lh', '268749.lh', '109325.lh', '105620.lh', '522434.lh', '109830.lh', '164939.lh', '531536.lh', '622236.lh', '108323.lh', '101107.lh', '176744.lh', '151425.lh']
Epoch     Loss           Accuracy       Dice None      Dice POS       Dice prculs    Dice prcus1    Dice prcus2    Dice prcus3    Dice MCGS      Dice sbps      Dice 2         Average Dice  
1         1.850329       0.725937       0.834799       0.129683       0.034555       0.000763       0.016337       0.009376       0.117875       0.148813       0.002093       0.057437      
sphere : ./sphere/icosphere_6.vtk
data_dir : ./dataset
data_norm : False
preload : device
in_ch : ['curv', 'sulc', 'iH']
hemi : ['lh']
n_splits : 5
fold : 1
classes : [0, 1, 2, 3, 4, 5, 6, 7, 8]
seed : 0
aug : 0
epochs : 20
batch_size : 1
learning_rate : 0.01
no_decay : False
loss : ce
log_dir : ./logs/250314/fold1
ckpt_dir : ./logs/250314
resume : None
depth : 3
channel : 128
bandwidth : 80
interval : 5
gpu : 0
no_cuda : False
threads : 1
cuda : True
num_params : 4258578
fold_data : ['106521.lh', '100610.lh', '151829.lh', '107321.lh', '110613.lh', '380036.lh', '105115.lh', '107220.lh', '644044.lh', '120111.lh', '108828.lh', '107725.lh', '105216.lh', '101006.lh', '168240.lh', '105014.lh', '102008.lh', '585256.lh', '128127.lh', '108525.lh', '103818.lh', '110007.lh', '101309.lh', '146937.lh', '214019.lh', '104820.lh', '101915.lh', '108222.lh', '103111.lh', '365343.lh', '268749.lh', '109325.lh', '105620.lh', '522434.lh', '109830.lh', '164939.lh', '531536.lh', '622236.lh', '108323.lh', '101107.lh', '176744.lh', '151425.lh']
Epoch     Loss           Accuracy       Dice None      Dice POS       Dice prculs    Dice prcus1    Dice prcus2    Dice prcus3    Dice MCGS      Dice sbps      Dice 2         Average Dice  
1         1.850332       0.725945       0.834805       0.129679       0.034560       0.000762       0.016327       0.009386       0.117760       0.148819       0.002093       0.057423      
sphere : ./sphere/icosphere_6.vtk
data_dir : ./dataset
data_norm : False
preload : device
in_ch : ['curv', 'sulc', 'iH']
hemi : ['lh']
n_splits : 5
fold : 1
classes : [0, 1, 2, 3, 4, 5, 6, 7, 8]
seed : 0
aug : 0
epochs : 20
batch_size : 1
learning_rate : 0.01
no_decay : False
loss : ce
log_dir : ./logs/250314/fold1
ckpt_dir : ./logs/250314
resume : None
depth : 3
channel : 128
bandwidth : 80
interval : 5
gpu : 0
no_cuda : False
threads : 1
cuda : True
num_params : 4258578
fold_data : ['106521.lh', '100610.lh', '151829.lh', '107321.lh', '110613.lh', '380036.lh', '105115.lh', '107220.lh', '644044.lh', '120111.lh', '108828.lh', '107725.lh', '105216.lh', '101006.lh', '168240.lh', '105014.lh', '102008.lh', '585256.lh', '128127.lh', '108525.lh', '103818.lh', '110007.lh', '101309.lh', '146937.lh', '214019.lh', '104820.lh', '101915.lh', '108222.lh', '103111.lh', '365343.lh', '268749.lh', '109325.lh', '105620.lh', '522434.lh', '109830.lh', '164939.lh', '531536.lh', '622236.lh', '108323.lh', '101107.lh', '176744.lh', '151425.lh']
Epoch     Loss           Accuracy       Dice None      Dice POS       Dice prculs    Dice prcus1    Dice prcus2    Dice prcus3    Dice MCGS      Dice sbps      Dice 2         Average Dice  
1         1.850331       0.725941       0.834801       0.129674       0.034621       0.000762       0.016325       0.009386       0.117830       0.148819       0.002091       0.057439      
sphere : ./sphere/icosphere_6.vtk
data_dir : ./dataset
data_norm : False
preload : device
in_ch : ['curv', 'sulc', 'iH']
hemi : ['lh']
n_splits : 5
fold : 1
classes : [0, 1, 2, 3, 4, 5, 6, 7, 8]
seed : 0
aug : 0
epochs : 20
batch_size : 1
learning_rate : 0.01
no_decay : False
loss : ce
log_dir : ./logs/250314/fold1
ckpt_dir : ./logs/250314
resume : None
depth : 3
channel : 128
bandwidth : 80
interval : 5
gpu : 0
no_cuda : False
threads : 1
cuda : True
num_params : 4258578
fold_data : ['106521.lh', '100610.lh', '151829.lh', '107321.lh', '110613.lh', '380036.lh', '105115.lh', '107220.lh', '644044.lh', '120111.lh', '108828.lh', '107725.lh', '105216.lh', '101006.lh', '168240.lh', '105014.lh', '102008.lh', '585256.lh', '128127.lh', '108525.lh', '103818.lh', '110007.lh', '101309.lh', '146937.lh', '214019.lh', '104820.lh', '101915.lh', '108222.lh', '103111.lh', '365343.lh', '268749.lh', '109325.lh', '105620.lh', '522434.lh', '109830.lh', '164939.lh', '531536.lh', '622236.lh', '108323.lh', '101107.lh', '176744.lh', '151425.lh']
Epoch     Loss           Accuracy       Dice None      Dice POS       Dice prculs    Dice prcus1    Dice prcus2    Dice prcus3    Dice MCGS      Dice sbps      Dice 2         Average Dice  
1         1.850325       0.725927       0.834793       0.129682       0.034533       0.000763       0.016331       0.009387       0.117874       0.148815       0.002092       0.057434      
sphere : ./sphere/icosphere_6.vtk
data_dir : ./dataset
data_norm : False
preload : device
in_ch : ['curv', 'sulc', 'iH']
hemi : ['lh']
n_splits : 5
fold : 1
classes : [0, 1, 2, 3, 4, 5, 6, 7, 8]
seed : 0
aug : 0
epochs : 20
batch_size : 1
learning_rate : 0.01
no_decay : False
loss : ce
log_dir : ./logs/250314/fold1
ckpt_dir : ./logs/250314
resume : None
depth : 3
channel : 128
bandwidth : 80
interval : 5
gpu : 0
no_cuda : False
threads : 1
cuda : True
num_params : 4258578
fold_data : ['106521.lh', '100610.lh', '151829.lh', '107321.lh', '110613.lh', '380036.lh', '105115.lh', '107220.lh', '644044.lh', '120111.lh', '108828.lh', '107725.lh', '105216.lh', '101006.lh', '168240.lh', '105014.lh', '102008.lh', '585256.lh', '128127.lh', '108525.lh', '103818.lh', '110007.lh', '101309.lh', '146937.lh', '214019.lh', '104820.lh', '101915.lh', '108222.lh', '103111.lh', '365343.lh', '268749.lh', '109325.lh', '105620.lh', '522434.lh', '109830.lh', '164939.lh', '531536.lh', '622236.lh', '108323.lh', '101107.lh', '176744.lh', '151425.lh']
Epoch     Loss           Accuracy       Dice None      Dice POS       Dice prculs    Dice prcus1    Dice prcus2    Dice prcus3    Dice MCGS      Dice sbps      Dice 2         Average Dice  
1         1.850336       0.725942       0.834802       0.129681       0.034300       0.000762       0.016327       0.009386       0.117767       0.148805       0.002096       0.057390      
2         1.094208       0.939150       0.977083       0.487009       0.040531       0.031596       0.185823       0.046827       0.347657       0.458449       0.000000       0.199737      
3         0.640871       0.973139       0.991219       0.705406       0.370903       0.257345       0.416157       0.313402       0.693313       0.672755       0.058862       0.436018      
4         0.411297       0.979072       0.993304       0.729480       0.481024       0.402160       0.445930       0.455166       0.782411       0.736573       0.332192       0.545617      
5         0.285560       0.982984       0.994646       0.778105       0.579306       0.488585       0.479289       0.517102       0.826301       0.785276       0.541005       0.624371      
6         0.211687       0.984904       0.995364       0.801319       0.617140       0.501560       0.526895       0.567078       0.842316       0.786126       0.570327       0.651595      
7         0.166296       0.986028       0.995612       0.814156       0.620200       0.531341       0.537232       0.577460       0.871962       0.803552       0.561159       0.664632      
8         0.134608       0.987140       0.996138       0.824887       0.663851       0.529414       0.574876       0.643212       0.875437       0.812191       0.596028       0.689987      
9         0.111105       0.990256       0.997031       0.868696       0.714211       0.638242       0.667572       0.717168       0.910186       0.853912       0.689326       0.757414      
10        0.104264       0.991775       0.997413       0.895249       0.772478       0.676887       0.715915       0.775301       0.925120       0.867954       0.718370       0.793409      
11        0.100448       0.992509       0.997577       0.904232       0.793466       0.698151       0.751405       0.798652       0.934421       0.877565       0.729406       0.810912      
12        0.097204       0.992934       0.997682       0.907664       0.804739       0.706931       0.759146       0.814378       0.938948       0.886778       0.749873       0.821057      
13        0.094527       0.993559       0.997848       0.915570       0.819865       0.742731       0.791793       0.836473       0.946266       0.894148       0.764327       0.838896      
14        0.094074       0.993599       0.997845       0.916621       0.822365       0.744103       0.794861       0.836260       0.946507       0.894965       0.764855       0.840067      
15        0.093778       0.993651       0.997858       0.917458       0.824339       0.744124       0.795965       0.838195       0.947107       0.895731       0.769299       0.841527      
16        0.093741       0.993651       0.997856       0.917374       0.824489       0.744245       0.796318       0.838355       0.946995       0.895838       0.769508       0.841640      
17        0.093708       0.993660       0.997858       0.917480       0.825184       0.744551       0.796594       0.838735       0.947020       0.896024       0.769508       0.841887      
18        0.093704       0.993660       0.997857       0.917520       0.825257       0.744551       0.796594       0.838735       0.946971       0.896024       0.769508       0.841895      
19        0.093700       0.993661       0.997858       0.917509       0.825324       0.744551       0.796594       0.838855       0.947020       0.896024       0.769508       0.841923      
20        0.093700       0.993661       0.997858       0.917480       0.825184       0.744551       0.796594       0.838855       0.947020       0.896066       0.770021       0.841971      
